


ARM Macro Assembler    Page 1 


    1 00000000         ; LCD.s
    2 00000000         ; Student names: change this to your names or look very 
                       silly
    3 00000000         ; Last modification date: change this to the last modifi
                       cation date or look very silly
    4 00000000         
    5 00000000         ; Runs on TM4C123
    6 00000000         ; Use SSI0 to send an 8-bit code to the ST7735 160x128 p
                       ixel LCD.
    7 00000000         
    8 00000000         ; As part of Lab 7, students need to implement these wri
                       tecommand and writedata
    9 00000000         ; This driver assumes two low-level LCD functions
   10 00000000         
   11 00000000         ; Backlight (pin 10) connected to +3.3 V
   12 00000000         ; MISO (pin 9) unconnected
   13 00000000         ; SCK (pin 8) connected to PA2 (SSI0Clk)
   14 00000000         ; MOSI (pin 7) connected to PA5 (SSI0Tx)
   15 00000000         ; TFT_CS (pin 6) connected to PA3 (SSI0Fss)
   16 00000000         ; CARD_CS (pin 5) unconnected
   17 00000000         ; Data/Command (pin 4) connected to PA6 (GPIO)
   18 00000000         ; RESET (pin 3) connected to PA7 (GPIO) 
   19 00000000         ; VCC (pin 2) connected to +3.3 V
   20 00000000         ; Gnd (pin 1) connected to ground
   21 00000000         
   22 00000000 400043FC 
                       GPIO_PORTA_DATA_R
                               EQU              0x400043FC
   23 00000000 40008008 
                       SSI0_DR_R
                               EQU              0x40008008
   24 00000000 4000800C 
                       SSI0_SR_R
                               EQU              0x4000800C
   25 00000000         
   26 00000000                 EXPORT           writecommand
   27 00000000                 EXPORT           writedata
   28 00000000         
   29 00000000                 AREA             |.text|, CODE, READONLY, ALIGN=
2
   30 00000000                 THUMB
   31 00000000                 ALIGN
   32 00000000         
   33 00000000         ; The Data/Command pin must be valid when the eighth bit
                        is
   34 00000000         ; sent.  The SSI module has hardware input and output FI
                       FOs
   35 00000000         ; that are 8 locations deep.  Based on the observation t
                       hat
   36 00000000         ; the LCD interface tends to send a few commands and the
                       n a
   37 00000000         ; lot of data, the FIFOs are not used when writing
   38 00000000         ; commands, and they are used when writing data.  This
   39 00000000         ; ensures that the Data/Command pin status matches the b
                       yte
   40 00000000         ; that is actually being transmitted.
   41 00000000         ; The write command operation waits until all data has b
                       een
   42 00000000         ; sent, configures the Data/Command pin for commands, se



ARM Macro Assembler    Page 2 


                       nds
   43 00000000         ; the command, and then waits for the transmission to
   44 00000000         ; finish.
   45 00000000         ; The write data operation waits until there is room in 
                       the
   46 00000000         ; transmit FIFO, configures the Data/Command pin for dat
                       a,
   47 00000000         ; and then adds the data to the transmit FIFO.
   48 00000000         ; NOTE: These functions will crash or stall indefinitely
                        if
   49 00000000         ; the SSI0 module is not initialized and enabled.
   50 00000000         
   51 00000000         ; This is a helper function that sends an 8-bit command 
                       to the LCD.
   52 00000000         ; Input: R0  8-bit command to transmit
   53 00000000         ; Output: none
   54 00000000         ; Assumes: SSI0 and port A have already been initialized
                        and enabled
   55 00000000         writecommand
   56 00000000         ;; --UUU-- Code to write a command to the LCD
   57 00000000         ;1) Read SSI0_SR_R and check bit 4, 
   58 00000000         ;2) If bit 4 is high, loop back to step 1 (wait for BUSY
                        bit to be low)
   59 00000000         ;3) Clear D/C=PA6 to zero
   60 00000000         ;4) Write the command to SSI0_DR_R
   61 00000000         ;5) Read SSI0_SR_R and check bit 4, 
   62 00000000         ;6) If bit 4 is high, loop back to step 5 (wait for BUSY
                        bit to be low)
   63 00000000 E92D 4FF0       PUSH             {R4-R11, LR}
   64 00000004         
   65 00000004 4915    First   LDR              R1, =SSI0_SR_R
   66 00000006 680A            LDR              R2, [R1]    ; Read SSIO_SR_R
   67 00000008 4613            MOV              R3, R2      ; R2 copied into R3
                                                            
   68 0000000A F003 0310       AND              R3, #0x10   ; Mask bit 4 
   69 0000000E 2B10            CMP              R3, #0x10
   70 00000010 D0F8            BEQ              First       ; If bit 4 is high 
                                                            loop back to step 1
                                                            
   71 00000012         
   72 00000012         
   73 00000012 4913            LDR              R1, =GPIO_PORTA_DATA_R 
                                                            ; Clear PA6 
   74 00000014 680A            LDR              R2, [R1]
   75 00000016 F022 0240       BIC              R2, #0x40   ; Clear PA6 
   76 0000001A 600A            STR              R2, [R1]    ; Update PA6
   77 0000001C         
   78 0000001C 4911            LDR              R1, =SSI0_DR_R
   79 0000001E 6008            STR              R0, [R1]    ; Write the command
                                                             to SSIO_DR_R
   80 00000020         
   81 00000020 490E    Second  LDR              R1, =SSI0_SR_R
   82 00000022 680A            LDR              R2, [R1]    ; Read SSIO_SR_R
   83 00000024 4613            MOV              R3, R2      ; R2 copied into R3
                                                            
   84 00000026 F003 0310       AND              R3, #0x10   ; Mask bit 4 
   85 0000002A 2B10            CMP              R3, #0x10
   86 0000002C D0F8            BEQ              Second      ; If bit 4 is high 
                                                            loop back to step 5



ARM Macro Assembler    Page 3 


                                                            
   87 0000002E         
   88 0000002E         
   89 0000002E E8BD 4FF0       POP              {R4-R11, LR}
   90 00000032         
   91 00000032 4770            BX               LR          ;   return
   92 00000034         
   93 00000034         ; This is a helper function that sends an 8-bit data to 
                       the LCD.
   94 00000034         ; Input: R0  8-bit data to transmit
   95 00000034         ; Output: none
   96 00000034         ; Assumes: SSI0 and port A have already been initialized
                        and enabled
   97 00000034         writedata
   98 00000034         ;; --UUU-- Code to write data to the LCD
   99 00000034         ;1) Read SSI0_SR_R and check bit 1, 
  100 00000034         ;2) If bit 1 is low loop back to step 1 (wait for TNF bi
                       t to be high)
  101 00000034         ;3) Set D/C=PA6 to one
  102 00000034         ;4) Write the 8-bit data to SSI0_DR_R
  103 00000034         
  104 00000034 E92D 4FF0       PUSH             {R4-R11, LR}
  105 00000038 4908    First_2 LDR              R1, =SSI0_SR_R 
                                                            ; Read SSIO_SR_R 
  106 0000003A 680A            LDR              R2, [R1]
  107 0000003C 4613            MOV              R3, R2
  108 0000003E F003 0302       AND              R3, #0x02   ; Check BIT 1
  109 00000042 2B02            CMP              R3, #0x02
  110 00000044 D1F8            BNE              First_2     ; If bit 1 is low, 
                                                            loop back to step 1
                                                            
  111 00000046         
  112 00000046 4906            LDR              R1, =GPIO_PORTA_DATA_R
  113 00000048 680A            LDR              R2, [R1]
  114 0000004A F042 0240       ORR              R2, #0x40   ; Set PA6 to one
  115 0000004E 600A            STR              R2, [R1]    ; Update status of 
                                                            pin
  116 00000050         
  117 00000050 4904            LDR              R1, =SSI0_DR_R
  118 00000052 6008            STR              R0, [R1]    ; Write the 8-bit d
                                                            ata to SSIO_DR_R 
  119 00000054         
  120 00000054         
  121 00000054 E8BD 4FF0       POP              {R4-R11, LR}
  122 00000058         
  123 00000058 4770            BX               LR          ;   return
  124 0000005A         
  125 0000005A         
  126 0000005A         ;***************************************************
  127 0000005A         ; This is a library for the Adafruit 1.8" SPI display.
  128 0000005A         ; This library works with the Adafruit 1.8" TFT Breakout
                        w/SD card
  129 0000005A         ; ----> http://www.adafruit.com/products/358
  130 0000005A         ; as well as Adafruit raw 1.8" TFT display
  131 0000005A         ; ----> http://www.adafruit.com/products/618
  132 0000005A         ;
  133 0000005A         ; Check out the links above for our tutorials and wiring
                        diagrams
  134 0000005A         ; These displays use SPI to communicate, 4 or 5 pins are



ARM Macro Assembler    Page 4 


                        required to
  135 0000005A         ; interface (RST is optional)
  136 0000005A         ; Adafruit invests time and resources providing this ope
                       n source code,
  137 0000005A         ; please support Adafruit and open-source hardware by pu
                       rchasing
  138 0000005A         ; products from Adafruit!
  139 0000005A         ;
  140 0000005A         ; Written by Limor Fried/Ladyada for Adafruit Industries
                       .
  141 0000005A         ; MIT license, all text above must be included in any re
                       distribution
  142 0000005A         ;****************************************************
  143 0000005A         
  144 0000005A 00 00           ALIGN                        ; make sure the end
                                                             of this section is
                                                             aligned
  145 0000005C                 END                          ; end of file
              4000800C 
              400043FC 
              40008008 
Command Line: --debug --xref --diag_suppress=9931 --cpu=Cortex-M4 --apcs=interw
ork --depend=.\lcd.d -o.\lcd.o -I.\RTE\_SpaceInvaders -IC:\Users\jtv20\AppData\
Local\Arm\Packs\ARM\CMSIS\5.8.0\CMSIS\Core\Include -IC:\Users\jtv20\AppData\Loc
al\Arm\Packs\Keil\TM4C_DFP\1.1.0\Device\Include\TM4C123 --predefine="__EVAL SET
A 1" --predefine="__UVISION_VERSION SETA 536" --predefine="_RTE_ SETA 1" --pred
efine="TM4C123GH6PM SETA 1" --predefine="_RTE_ SETA 1" --list=.\lcd.lst LCD.s



ARM Macro Assembler    Page 1 Alphabetic symbol ordering
Relocatable symbols

.text 00000000

Symbol: .text
   Definitions
      At line 29 in file LCD.s
   Uses
      None
Comment: .text unused
First 00000004

Symbol: First
   Definitions
      At line 65 in file LCD.s
   Uses
      At line 70 in file LCD.s
Comment: First used once
First_2 00000038

Symbol: First_2
   Definitions
      At line 105 in file LCD.s
   Uses
      At line 110 in file LCD.s
Comment: First_2 used once
Second 00000020

Symbol: Second
   Definitions
      At line 81 in file LCD.s
   Uses
      At line 86 in file LCD.s
Comment: Second used once
writecommand 00000000

Symbol: writecommand
   Definitions
      At line 55 in file LCD.s
   Uses
      At line 26 in file LCD.s
Comment: writecommand used once
writedata 00000034

Symbol: writedata
   Definitions
      At line 97 in file LCD.s
   Uses
      At line 27 in file LCD.s
Comment: writedata used once
6 symbols



ARM Macro Assembler    Page 1 Alphabetic symbol ordering
Absolute symbols

GPIO_PORTA_DATA_R 400043FC

Symbol: GPIO_PORTA_DATA_R
   Definitions
      At line 22 in file LCD.s
   Uses
      At line 73 in file LCD.s
      At line 112 in file LCD.s

SSI0_DR_R 40008008

Symbol: SSI0_DR_R
   Definitions
      At line 23 in file LCD.s
   Uses
      At line 78 in file LCD.s
      At line 117 in file LCD.s

SSI0_SR_R 4000800C

Symbol: SSI0_SR_R
   Definitions
      At line 24 in file LCD.s
   Uses
      At line 65 in file LCD.s
      At line 81 in file LCD.s
      At line 105 in file LCD.s

3 symbols
345 symbols in table
